<?xml version="1.0" encoding="utf-8"?><testsuites name="pytest tests"><testsuite name="pytest" errors="5" failures="0" skipped="0" tests="5" time="9.375" timestamp="2025-12-07T21:01:30.263818-05:00" hostname="MacBookPro"><testcase classname="" name="test.test_dashboard" time="0.000"><error message="collection failure">test/test_dashboard.py:72: in &lt;module&gt;
    import app
app.py:1213: in &lt;module&gt;
    def semantic_search(query: str, n_results: int = 10) -&gt; List[Dict]:
                                                            ^^^^
E   NameError: name 'List' is not defined</error></testcase><testcase classname="" name="test.test_realtime_features" time="0.000"><error message="collection failure">test/test_realtime_features.py:78: in &lt;module&gt;
    import app
app.py:1213: in &lt;module&gt;
    def semantic_search(query: str, n_results: int = 10) -&gt; List[Dict]:
                                                            ^^^^
E   NameError: name 'List' is not defined</error></testcase><testcase classname="" name="test.test_realtime_integration" time="0.000"><error message="collection failure">test/test_realtime_integration.py:78: in &lt;module&gt;
    import app
app.py:1213: in &lt;module&gt;
    def semantic_search(query: str, n_results: int = 10) -&gt; List[Dict]:
                                                            ^^^^
E   NameError: name 'List' is not defined</error></testcase><testcase classname="" name="test.test_realtime_performance" time="0.000"><error message="collection failure">test/test_realtime_performance.py:83: in &lt;module&gt;
    import app
app.py:1213: in &lt;module&gt;
    def semantic_search(query: str, n_results: int = 10) -&gt; List[Dict]:
                                                            ^^^^
E   NameError: name 'List' is not defined</error></testcase><testcase classname="" name="test.test_semantic_search_ui" time="0.000"><error message="collection failure">test/test_semantic_search_ui.py:16: in &lt;module&gt;
    from app import (
app.py:1213: in &lt;module&gt;
    def semantic_search(query: str, n_results: int = 10) -&gt; List[Dict]:
                                                            ^^^^
E   NameError: name 'List' is not defined</error></testcase></testsuite></testsuites>